2020-08-29 22:01:49 info : HTTP/1.1 GET ::1 /board/read/5f4a45c9c74aa72304e476fc - 200 3949 http://localhost:4000/board/list Mozilla/5.0 (Windows NT 10.0; Win64; x64) AppleWebKit/537.36 (KHTML, like Gecko) Chrome/84.0.4147.135 Safari/537.36 1063.633 ms

2020-08-29 22:01:49 info : HTTP/1.1 GET ::1 /board/stylesheets/nav.css - 404 164 http://localhost:4000/board/read/5f4a45c9c74aa72304e476fc Mozilla/5.0 (Windows NT 10.0; Win64; x64) AppleWebKit/537.36 (KHTML, like Gecko) Chrome/84.0.4147.135 Safari/537.36 111.081 ms

2020-08-29 22:01:50 info : HTTP/1.1 GET ::1 /board/stylesheets/nav.css - 404 164 http://localhost:4000/board/read/5f4a45c9c74aa72304e476fc Mozilla/5.0 (Windows NT 10.0; Win64; x64) AppleWebKit/537.36 (KHTML, like Gecko) Chrome/84.0.4147.135 Safari/537.36 95.398 ms

2020-08-29 22:01:55 info : HTTP/1.1 GET ::1 /api/pdf/5f4a45c9c74aa72304e476fc - 200 - - Mozilla/5.0 (Windows NT 10.0; Win64; x64) AppleWebKit/537.36 (KHTML, like Gecko) Chrome/84.0.4147.135 Safari/537.36 350.109 ms

2020-08-29 22:05:45 info : HTTP/1.1 GET ::1 /board/read/5f4a45c9c74aa72304e476fc - 200 3953 http://localhost:4000/board/list Mozilla/5.0 (Windows NT 10.0; Win64; x64) AppleWebKit/537.36 (KHTML, like Gecko) Chrome/84.0.4147.135 Safari/537.36 996.937 ms

2020-08-29 22:05:45 info : HTTP/1.1 GET ::1 /board/stylesheets/nav.css - 404 164 http://localhost:4000/board/read/5f4a45c9c74aa72304e476fc Mozilla/5.0 (Windows NT 10.0; Win64; x64) AppleWebKit/537.36 (KHTML, like Gecko) Chrome/84.0.4147.135 Safari/537.36 110.165 ms

2020-08-29 22:05:46 info : HTTP/1.1 GET ::1 /board/stylesheets/nav.css - 404 164 http://localhost:4000/board/read/5f4a45c9c74aa72304e476fc Mozilla/5.0 (Windows NT 10.0; Win64; x64) AppleWebKit/537.36 (KHTML, like Gecko) Chrome/84.0.4147.135 Safari/537.36 95.026 ms

2020-08-29 22:15:45 info : HTTP/1.1 GET ::1 /board/read/5f4a45c9c74aa72304e476fc - 200 3953 http://localhost:4000/board/list Mozilla/5.0 (Windows NT 10.0; Win64; x64) AppleWebKit/537.36 (KHTML, like Gecko) Chrome/84.0.4147.135 Safari/537.36 1486.695 ms

2020-08-29 22:15:45 info : HTTP/1.1 GET ::1 /board/stylesheets/nav.css - 404 164 http://localhost:4000/board/read/5f4a45c9c74aa72304e476fc Mozilla/5.0 (Windows NT 10.0; Win64; x64) AppleWebKit/537.36 (KHTML, like Gecko) Chrome/84.0.4147.135 Safari/537.36 116.534 ms

2020-08-29 22:15:46 info : HTTP/1.1 GET ::1 /board/stylesheets/nav.css - 404 164 http://localhost:4000/board/read/5f4a45c9c74aa72304e476fc Mozilla/5.0 (Windows NT 10.0; Win64; x64) AppleWebKit/537.36 (KHTML, like Gecko) Chrome/84.0.4147.135 Safari/537.36 99.577 ms

2020-08-29 22:16:20 info : HTTP/1.1 GET ::1 /board/read/5f4a45c9c74aa72304e476fc - 500 2801 http://localhost:4000/board/list Mozilla/5.0 (Windows NT 10.0; Win64; x64) AppleWebKit/537.36 (KHTML, like Gecko) Chrome/84.0.4147.135 Safari/537.36 337.563 ms

2020-08-29 22:16:24 info : HTTP/1.1 GET ::1 /board/read/5f4a45c9c74aa72304e476fc - 500 2890 http://localhost:4000/board/list Mozilla/5.0 (Windows NT 10.0; Win64; x64) AppleWebKit/537.36 (KHTML, like Gecko) Chrome/84.0.4147.135 Safari/537.36 307.466 ms

2020-08-29 22:16:42 info : HTTP/1.1 GET ::1 /board/read/5f4a45c9c74aa72304e476fc - 500 2890 http://localhost:4000/board/list Mozilla/5.0 (Windows NT 10.0; Win64; x64) AppleWebKit/537.36 (KHTML, like Gecko) Chrome/84.0.4147.135 Safari/537.36 342.964 ms

2020-08-29 22:16:55 info : HTTP/1.1 GET ::1 /board/read/5f4a45c9c74aa72304e476fc - 500 2890 http://localhost:4000/board/list Mozilla/5.0 (Windows NT 10.0; Win64; x64) AppleWebKit/537.36 (KHTML, like Gecko) Chrome/84.0.4147.135 Safari/537.36 367.117 ms

2020-08-29 22:18:03 info : HTTP/1.1 GET ::1 /board/read/5f4a45c9c74aa72304e476fc - 500 3107 http://localhost:4000/board/list Mozilla/5.0 (Windows NT 10.0; Win64; x64) AppleWebKit/537.36 (KHTML, like Gecko) Chrome/84.0.4147.135 Safari/537.36 388.908 ms

2020-08-29 22:18:26 info : HTTP/1.1 GET ::1 /board/read/5f4a45c9c74aa72304e476fc - 500 3091 http://localhost:4000/board/list Mozilla/5.0 (Windows NT 10.0; Win64; x64) AppleWebKit/537.36 (KHTML, like Gecko) Chrome/84.0.4147.135 Safari/537.36 313.350 ms

2020-08-29 22:18:33 info : HTTP/1.1 GET ::1 /board/read/5f4a45c9c74aa72304e476fc - 500 3091 http://localhost:4000/board/list Mozilla/5.0 (Windows NT 10.0; Win64; x64) AppleWebKit/537.36 (KHTML, like Gecko) Chrome/84.0.4147.135 Safari/537.36 406.040 ms

2020-08-29 22:20:45 info : HTTP/1.1 GET ::1 /board/read/5f4a45c9c74aa72304e476fc - 200 3949 http://localhost:4000/board/list Mozilla/5.0 (Windows NT 10.0; Win64; x64) AppleWebKit/537.36 (KHTML, like Gecko) Chrome/84.0.4147.135 Safari/537.36 408.155 ms

2020-08-29 22:20:46 info : HTTP/1.1 GET ::1 /board/stylesheets/nav.css - 404 164 http://localhost:4000/board/read/5f4a45c9c74aa72304e476fc Mozilla/5.0 (Windows NT 10.0; Win64; x64) AppleWebKit/537.36 (KHTML, like Gecko) Chrome/84.0.4147.135 Safari/537.36 93.856 ms

2020-08-29 22:20:46 info : HTTP/1.1 GET ::1 /board/stylesheets/nav.css - 404 164 http://localhost:4000/board/read/5f4a45c9c74aa72304e476fc Mozilla/5.0 (Windows NT 10.0; Win64; x64) AppleWebKit/537.36 (KHTML, like Gecko) Chrome/84.0.4147.135 Safari/537.36 93.791 ms

2020-08-29 22:20:57 info : HTTP/1.1 GET ::1 /board/read/5f4a45c9c74aa72304e476fc - 200 3949 http://localhost:4000/board/list Mozilla/5.0 (Windows NT 10.0; Win64; x64) AppleWebKit/537.36 (KHTML, like Gecko) Chrome/84.0.4147.135 Safari/537.36 508.116 ms

2020-08-29 22:20:57 info : HTTP/1.1 GET ::1 /board/stylesheets/nav.css - 404 164 http://localhost:4000/board/read/5f4a45c9c74aa72304e476fc Mozilla/5.0 (Windows NT 10.0; Win64; x64) AppleWebKit/537.36 (KHTML, like Gecko) Chrome/84.0.4147.135 Safari/537.36 111.077 ms

2020-08-29 22:20:57 info : HTTP/1.1 GET ::1 /board/stylesheets/nav.css - 404 164 http://localhost:4000/board/read/5f4a45c9c74aa72304e476fc Mozilla/5.0 (Windows NT 10.0; Win64; x64) AppleWebKit/537.36 (KHTML, like Gecko) Chrome/84.0.4147.135 Safari/537.36 96.618 ms

2020-08-29 22:21:07 info : HTTP/1.1 GET ::1 /board/read/5f4a45c9c74aa72304e476fc - 200 3953 http://localhost:4000/board/list Mozilla/5.0 (Windows NT 10.0; Win64; x64) AppleWebKit/537.36 (KHTML, like Gecko) Chrome/84.0.4147.135 Safari/537.36 508.662 ms

2020-08-29 22:21:08 info : HTTP/1.1 GET ::1 /board/stylesheets/nav.css - 404 164 http://localhost:4000/board/read/5f4a45c9c74aa72304e476fc Mozilla/5.0 (Windows NT 10.0; Win64; x64) AppleWebKit/537.36 (KHTML, like Gecko) Chrome/84.0.4147.135 Safari/537.36 293.172 ms

2020-08-29 22:21:08 info : HTTP/1.1 GET ::1 /board/stylesheets/nav.css - 404 164 http://localhost:4000/board/read/5f4a45c9c74aa72304e476fc Mozilla/5.0 (Windows NT 10.0; Win64; x64) AppleWebKit/537.36 (KHTML, like Gecko) Chrome/84.0.4147.135 Safari/537.36 96.335 ms

2020-08-29 22:21:17 info : HTTP/1.1 GET ::1 /board/read/5f4a45c9c74aa72304e476fc - 200 3957 http://localhost:4000/board/list Mozilla/5.0 (Windows NT 10.0; Win64; x64) AppleWebKit/537.36 (KHTML, like Gecko) Chrome/84.0.4147.135 Safari/537.36 494.900 ms

2020-08-29 22:21:17 info : HTTP/1.1 GET ::1 /board/stylesheets/nav.css - 404 164 http://localhost:4000/board/read/5f4a45c9c74aa72304e476fc Mozilla/5.0 (Windows NT 10.0; Win64; x64) AppleWebKit/537.36 (KHTML, like Gecko) Chrome/84.0.4147.135 Safari/537.36 231.722 ms

2020-08-29 22:21:17 info : HTTP/1.1 GET ::1 /board/stylesheets/nav.css - 404 164 http://localhost:4000/board/read/5f4a45c9c74aa72304e476fc Mozilla/5.0 (Windows NT 10.0; Win64; x64) AppleWebKit/537.36 (KHTML, like Gecko) Chrome/84.0.4147.135 Safari/537.36 96.710 ms

2020-08-29 22:21:26 info : HTTP/1.1 GET ::1 /board/read/5f4a45c9c74aa72304e476fc - 200 3966 http://localhost:4000/board/list Mozilla/5.0 (Windows NT 10.0; Win64; x64) AppleWebKit/537.36 (KHTML, like Gecko) Chrome/84.0.4147.135 Safari/537.36 432.195 ms

2020-08-29 22:21:27 info : HTTP/1.1 GET ::1 /board/stylesheets/nav.css - 404 164 http://localhost:4000/board/read/5f4a45c9c74aa72304e476fc Mozilla/5.0 (Windows NT 10.0; Win64; x64) AppleWebKit/537.36 (KHTML, like Gecko) Chrome/84.0.4147.135 Safari/537.36 170.542 ms

2020-08-29 22:21:27 info : HTTP/1.1 GET ::1 /board/stylesheets/nav.css - 404 164 http://localhost:4000/board/read/5f4a45c9c74aa72304e476fc Mozilla/5.0 (Windows NT 10.0; Win64; x64) AppleWebKit/537.36 (KHTML, like Gecko) Chrome/84.0.4147.135 Safari/537.36 96.088 ms

2020-08-29 22:22:40 info : HTTP/1.1 GET ::1 /board/read/5f4a45c9c74aa72304e476fc - 200 3970 http://localhost:4000/board/list Mozilla/5.0 (Windows NT 10.0; Win64; x64) AppleWebKit/537.36 (KHTML, like Gecko) Chrome/84.0.4147.135 Safari/537.36 658.307 ms

2020-08-29 22:22:40 info : HTTP/1.1 GET ::1 /board/stylesheets/nav.css - 404 164 http://localhost:4000/board/read/5f4a45c9c74aa72304e476fc Mozilla/5.0 (Windows NT 10.0; Win64; x64) AppleWebKit/537.36 (KHTML, like Gecko) Chrome/84.0.4147.135 Safari/537.36 97.235 ms

2020-08-29 22:22:41 info : HTTP/1.1 GET ::1 /board/stylesheets/nav.css - 404 164 http://localhost:4000/board/read/5f4a45c9c74aa72304e476fc Mozilla/5.0 (Windows NT 10.0; Win64; x64) AppleWebKit/537.36 (KHTML, like Gecko) Chrome/84.0.4147.135 Safari/537.36 112.909 ms

2020-08-29 22:23:31 info : HTTP/1.1 GET ::1 /board/read/5f4a45c9c74aa72304e476fc - 200 3970 http://localhost:4000/board/list Mozilla/5.0 (Windows NT 10.0; Win64; x64) AppleWebKit/537.36 (KHTML, like Gecko) Chrome/84.0.4147.135 Safari/537.36 425.664 ms

2020-08-29 22:23:31 info : HTTP/1.1 GET ::1 /board/stylesheets/nav.css - 404 164 http://localhost:4000/board/read/5f4a45c9c74aa72304e476fc Mozilla/5.0 (Windows NT 10.0; Win64; x64) AppleWebKit/537.36 (KHTML, like Gecko) Chrome/84.0.4147.135 Safari/537.36 258.704 ms

2020-08-29 22:23:32 info : HTTP/1.1 GET ::1 /board/stylesheets/nav.css - 404 164 http://localhost:4000/board/read/5f4a45c9c74aa72304e476fc Mozilla/5.0 (Windows NT 10.0; Win64; x64) AppleWebKit/537.36 (KHTML, like Gecko) Chrome/84.0.4147.135 Safari/537.36 98.177 ms

2020-08-29 22:23:59 info : HTTP/1.1 GET ::1 /board/read/5f4a45c9c74aa72304e476fc - 200 3975 http://localhost:4000/board/list Mozilla/5.0 (Windows NT 10.0; Win64; x64) AppleWebKit/537.36 (KHTML, like Gecko) Chrome/84.0.4147.135 Safari/537.36 440.842 ms

2020-08-29 22:24:00 info : HTTP/1.1 GET ::1 /board/stylesheets/nav.css - 404 164 http://localhost:4000/board/read/5f4a45c9c74aa72304e476fc Mozilla/5.0 (Windows NT 10.0; Win64; x64) AppleWebKit/537.36 (KHTML, like Gecko) Chrome/84.0.4147.135 Safari/537.36 172.349 ms

2020-08-29 22:24:00 info : HTTP/1.1 GET ::1 /board/stylesheets/nav.css - 404 164 http://localhost:4000/board/read/5f4a45c9c74aa72304e476fc Mozilla/5.0 (Windows NT 10.0; Win64; x64) AppleWebKit/537.36 (KHTML, like Gecko) Chrome/84.0.4147.135 Safari/537.36 117.575 ms

2020-08-29 22:24:28 info : HTTP/1.1 GET ::1 /board/read/5f4a45c9c74aa72304e476fc - 200 3970 http://localhost:4000/board/list Mozilla/5.0 (Windows NT 10.0; Win64; x64) AppleWebKit/537.36 (KHTML, like Gecko) Chrome/84.0.4147.135 Safari/537.36 363.344 ms

2020-08-29 22:24:28 info : HTTP/1.1 GET ::1 /board/stylesheets/nav.css - 404 164 http://localhost:4000/board/read/5f4a45c9c74aa72304e476fc Mozilla/5.0 (Windows NT 10.0; Win64; x64) AppleWebKit/537.36 (KHTML, like Gecko) Chrome/84.0.4147.135 Safari/537.36 169.231 ms

2020-08-29 22:24:28 info : HTTP/1.1 GET ::1 /board/stylesheets/nav.css - 404 164 http://localhost:4000/board/read/5f4a45c9c74aa72304e476fc Mozilla/5.0 (Windows NT 10.0; Win64; x64) AppleWebKit/537.36 (KHTML, like Gecko) Chrome/84.0.4147.135 Safari/537.36 93.165 ms

2020-08-29 22:25:15 info : HTTP/1.1 GET ::1 /board/read/5f4a45c9c74aa72304e476fc - 200 3998 http://localhost:4000/board/list Mozilla/5.0 (Windows NT 10.0; Win64; x64) AppleWebKit/537.36 (KHTML, like Gecko) Chrome/84.0.4147.135 Safari/537.36 408.169 ms

2020-08-29 22:25:15 info : HTTP/1.1 GET ::1 /board/stylesheets/nav.css - 404 164 http://localhost:4000/board/read/5f4a45c9c74aa72304e476fc Mozilla/5.0 (Windows NT 10.0; Win64; x64) AppleWebKit/537.36 (KHTML, like Gecko) Chrome/84.0.4147.135 Safari/537.36 109.746 ms

2020-08-29 22:25:16 info : HTTP/1.1 GET ::1 /board/stylesheets/nav.css - 404 164 http://localhost:4000/board/read/5f4a45c9c74aa72304e476fc Mozilla/5.0 (Windows NT 10.0; Win64; x64) AppleWebKit/537.36 (KHTML, like Gecko) Chrome/84.0.4147.135 Safari/537.36 94.541 ms

2020-08-29 22:25:31 info : HTTP/1.1 GET ::1 /board/read/5f4a45c9c74aa72304e476fc - 200 3998 http://localhost:4000/board/list Mozilla/5.0 (Windows NT 10.0; Win64; x64) AppleWebKit/537.36 (KHTML, like Gecko) Chrome/84.0.4147.135 Safari/537.36 407.894 ms

2020-08-29 22:25:31 info : HTTP/1.1 GET ::1 /board/stylesheets/nav.css - 404 164 http://localhost:4000/board/read/5f4a45c9c74aa72304e476fc Mozilla/5.0 (Windows NT 10.0; Win64; x64) AppleWebKit/537.36 (KHTML, like Gecko) Chrome/84.0.4147.135 Safari/537.36 129.840 ms

2020-08-29 22:25:31 info : HTTP/1.1 GET ::1 /board/stylesheets/nav.css - 404 164 http://localhost:4000/board/read/5f4a45c9c74aa72304e476fc Mozilla/5.0 (Windows NT 10.0; Win64; x64) AppleWebKit/537.36 (KHTML, like Gecko) Chrome/84.0.4147.135 Safari/537.36 94.507 ms

2020-08-29 22:25:45 info : HTTP/1.1 GET ::1 /board/read/5f4a45c9c74aa72304e476fc - 200 3998 http://localhost:4000/board/list Mozilla/5.0 (Windows NT 10.0; Win64; x64) AppleWebKit/537.36 (KHTML, like Gecko) Chrome/84.0.4147.135 Safari/537.36 372.151 ms

2020-08-29 22:25:45 info : HTTP/1.1 GET ::1 /board/stylesheets/nav.css - 404 164 http://localhost:4000/board/read/5f4a45c9c74aa72304e476fc Mozilla/5.0 (Windows NT 10.0; Win64; x64) AppleWebKit/537.36 (KHTML, like Gecko) Chrome/84.0.4147.135 Safari/537.36 141.751 ms

2020-08-29 22:25:45 info : HTTP/1.1 GET ::1 /board/stylesheets/nav.css - 404 164 http://localhost:4000/board/read/5f4a45c9c74aa72304e476fc Mozilla/5.0 (Windows NT 10.0; Win64; x64) AppleWebKit/537.36 (KHTML, like Gecko) Chrome/84.0.4147.135 Safari/537.36 95.803 ms

2020-08-29 22:26:08 info : HTTP/1.1 GET ::1 /board/read/5f4a45c9c74aa72304e476fc - 200 3998 http://localhost:4000/board/list Mozilla/5.0 (Windows NT 10.0; Win64; x64) AppleWebKit/537.36 (KHTML, like Gecko) Chrome/84.0.4147.135 Safari/537.36 399.274 ms

2020-08-29 22:26:08 info : HTTP/1.1 GET ::1 /board/stylesheets/nav.css - 404 164 http://localhost:4000/board/read/5f4a45c9c74aa72304e476fc Mozilla/5.0 (Windows NT 10.0; Win64; x64) AppleWebKit/537.36 (KHTML, like Gecko) Chrome/84.0.4147.135 Safari/537.36 284.216 ms

2020-08-29 22:26:08 info : HTTP/1.1 GET ::1 /board/stylesheets/nav.css - 404 164 http://localhost:4000/board/read/5f4a45c9c74aa72304e476fc Mozilla/5.0 (Windows NT 10.0; Win64; x64) AppleWebKit/537.36 (KHTML, like Gecko) Chrome/84.0.4147.135 Safari/537.36 94.324 ms

2020-08-29 22:41:30 info : HTTP/1.1 GET ::1 /board/read/5f4a45c9c74aa72304e476fc - 200 4026 http://localhost:4000/board/list Mozilla/5.0 (Windows NT 10.0; Win64; x64) AppleWebKit/537.36 (KHTML, like Gecko) Chrome/84.0.4147.135 Safari/537.36 1123.170 ms

2020-08-29 22:41:31 info : HTTP/1.1 GET ::1 /board/stylesheets/nav.css - 404 164 http://localhost:4000/board/read/5f4a45c9c74aa72304e476fc Mozilla/5.0 (Windows NT 10.0; Win64; x64) AppleWebKit/537.36 (KHTML, like Gecko) Chrome/84.0.4147.135 Safari/537.36 131.088 ms

2020-08-29 22:41:32 info : HTTP/1.1 GET ::1 /board/stylesheets/nav.css - 404 164 http://localhost:4000/board/read/5f4a45c9c74aa72304e476fc Mozilla/5.0 (Windows NT 10.0; Win64; x64) AppleWebKit/537.36 (KHTML, like Gecko) Chrome/84.0.4147.135 Safari/537.36 108.641 ms

2020-08-29 22:44:13 info : HTTP/1.1 GET ::1 /board/read/5f4a45c9c74aa72304e476fc - 200 4026 http://localhost:4000/board/list Mozilla/5.0 (Windows NT 10.0; Win64; x64) AppleWebKit/537.36 (KHTML, like Gecko) Chrome/84.0.4147.135 Safari/537.36 371.228 ms

2020-08-29 22:44:14 info : HTTP/1.1 GET ::1 /board/stylesheets/nav.css - 404 164 http://localhost:4000/board/read/5f4a45c9c74aa72304e476fc Mozilla/5.0 (Windows NT 10.0; Win64; x64) AppleWebKit/537.36 (KHTML, like Gecko) Chrome/84.0.4147.135 Safari/537.36 169.944 ms

2020-08-29 22:44:14 info : HTTP/1.1 GET ::1 /board/stylesheets/nav.css - 404 164 http://localhost:4000/board/read/5f4a45c9c74aa72304e476fc Mozilla/5.0 (Windows NT 10.0; Win64; x64) AppleWebKit/537.36 (KHTML, like Gecko) Chrome/84.0.4147.135 Safari/537.36 105.715 ms

2020-08-29 22:46:55 info : HTTP/1.1 GET ::1 / - 200 5654 http://localhost:4000/board/read/5f4a45c9c74aa72304e476fc Mozilla/5.0 (Windows NT 10.0; Win64; x64) AppleWebKit/537.36 (KHTML, like Gecko) Chrome/84.0.4147.135 Safari/537.36 359.468 ms

2020-08-29 22:46:56 info : HTTP/1.1 GET ::1 /api/totalBoard - 200 12771 http://localhost:4000/ Mozilla/5.0 (Windows NT 10.0; Win64; x64) AppleWebKit/537.36 (KHTML, like Gecko) Chrome/84.0.4147.135 Safari/537.36 246.607 ms

2020-08-29 22:46:57 info : HTTP/1.1 GET ::1 /uploads/0996c9f427c9b23d11804d35bbafa953 - 404 179 http://localhost:4000/ Mozilla/5.0 (Windows NT 10.0; Win64; x64) AppleWebKit/537.36 (KHTML, like Gecko) Chrome/84.0.4147.135 Safari/537.36 412.810 ms

2020-08-29 22:46:57 info : HTTP/1.1 GET ::1 /uploads/73fa404cfeb0a858b6ac49e6d3caba29 - 404 179 http://localhost:4000/ Mozilla/5.0 (Windows NT 10.0; Win64; x64) AppleWebKit/537.36 (KHTML, like Gecko) Chrome/84.0.4147.135 Safari/537.36 530.676 ms

2020-08-29 22:46:57 info : HTTP/1.1 GET ::1 /uploads/5142ac157bbe048896b85fcc12cfd74b - 404 179 http://localhost:4000/ Mozilla/5.0 (Windows NT 10.0; Win64; x64) AppleWebKit/537.36 (KHTML, like Gecko) Chrome/84.0.4147.135 Safari/537.36 682.260 ms

2020-08-29 22:46:57 info : HTTP/1.1 GET ::1 /uploads/ff248865b7c363c57e1b459fe1346d2e - 404 179 http://localhost:4000/ Mozilla/5.0 (Windows NT 10.0; Win64; x64) AppleWebKit/537.36 (KHTML, like Gecko) Chrome/84.0.4147.135 Safari/537.36 810.140 ms

2020-08-29 22:46:58 info : HTTP/1.1 GET ::1 /uploads/abb219df4530ba4b1b9a3809bca27309 - 404 179 http://localhost:4000/ Mozilla/5.0 (Windows NT 10.0; Win64; x64) AppleWebKit/537.36 (KHTML, like Gecko) Chrome/84.0.4147.135 Safari/537.36 911.139 ms

2020-08-29 22:46:58 info : HTTP/1.1 GET ::1 /uploads/eb60689d2d030b9bd06c88160a59d16c - 404 179 http://localhost:4000/ Mozilla/5.0 (Windows NT 10.0; Win64; x64) AppleWebKit/537.36 (KHTML, like Gecko) Chrome/84.0.4147.135 Safari/537.36 1005.731 ms

2020-08-29 22:46:58 info : HTTP/1.1 GET ::1 /uploads/d715f88e2992e9ddfb8b1ef9f6aeae00 - 404 179 http://localhost:4000/ Mozilla/5.0 (Windows NT 10.0; Win64; x64) AppleWebKit/537.36 (KHTML, like Gecko) Chrome/84.0.4147.135 Safari/537.36 649.147 ms

2020-08-29 22:46:58 info : HTTP/1.1 GET ::1 /uploads/df5565f1b3c84a7ff009424726fa2099 - 404 179 http://localhost:4000/ Mozilla/5.0 (Windows NT 10.0; Win64; x64) AppleWebKit/537.36 (KHTML, like Gecko) Chrome/84.0.4147.135 Safari/537.36 477.959 ms

2020-08-29 22:46:58 info : HTTP/1.1 GET ::1 /uploads/d2ec687b2bdd8f7e67b886cc3664d9fd - 404 179 http://localhost:4000/ Mozilla/5.0 (Windows NT 10.0; Win64; x64) AppleWebKit/537.36 (KHTML, like Gecko) Chrome/84.0.4147.135 Safari/537.36 459.160 ms

2020-08-29 22:46:58 info : HTTP/1.1 GET ::1 /uploads/0efa5ae7cfb5bcdbc5d01d7636f5078f - 404 179 http://localhost:4000/ Mozilla/5.0 (Windows NT 10.0; Win64; x64) AppleWebKit/537.36 (KHTML, like Gecko) Chrome/84.0.4147.135 Safari/537.36 330.694 ms

2020-08-29 22:46:58 info : HTTP/1.1 GET ::1 /uploads/5a641f111360086ea0e7ac87d028a38e - 404 179 http://localhost:4000/ Mozilla/5.0 (Windows NT 10.0; Win64; x64) AppleWebKit/537.36 (KHTML, like Gecko) Chrome/84.0.4147.135 Safari/537.36 283.755 ms

2020-08-29 22:46:58 info : HTTP/1.1 GET ::1 /uploads/2e0642470dccf350e12e46cd16ed2b73 - 404 179 http://localhost:4000/ Mozilla/5.0 (Windows NT 10.0; Win64; x64) AppleWebKit/537.36 (KHTML, like Gecko) Chrome/84.0.4147.135 Safari/537.36 230.038 ms

2020-08-29 22:46:58 info : HTTP/1.1 GET ::1 /uploads/d12159b9c49aabe634b6adad2144c176 - 404 179 http://localhost:4000/ Mozilla/5.0 (Windows NT 10.0; Win64; x64) AppleWebKit/537.36 (KHTML, like Gecko) Chrome/84.0.4147.135 Safari/537.36 126.598 ms

2020-08-29 22:46:58 info : HTTP/1.1 GET ::1 /uploads/d50726ac862738130441fd2f37d42cc4 - 404 179 http://localhost:4000/ Mozilla/5.0 (Windows NT 10.0; Win64; x64) AppleWebKit/537.36 (KHTML, like Gecko) Chrome/84.0.4147.135 Safari/537.36 122.014 ms

2020-08-29 22:46:58 info : HTTP/1.1 GET ::1 /uploads/0c1c34cbffd0125074770bab53eda964 - 404 179 http://localhost:4000/ Mozilla/5.0 (Windows NT 10.0; Win64; x64) AppleWebKit/537.36 (KHTML, like Gecko) Chrome/84.0.4147.135 Safari/537.36 96.337 ms

2020-08-29 22:46:58 info : HTTP/1.1 GET ::1 /uploads/25a79733991c99beee605259b60e790e - 404 179 http://localhost:4000/ Mozilla/5.0 (Windows NT 10.0; Win64; x64) AppleWebKit/537.36 (KHTML, like Gecko) Chrome/84.0.4147.135 Safari/537.36 111.679 ms

2020-08-29 22:46:58 info : HTTP/1.1 GET ::1 /uploads/65a5d6ab4e02f4348c89b5f28fa60340 - 404 179 http://localhost:4000/ Mozilla/5.0 (Windows NT 10.0; Win64; x64) AppleWebKit/537.36 (KHTML, like Gecko) Chrome/84.0.4147.135 Safari/537.36 131.586 ms

2020-08-29 22:46:58 info : HTTP/1.1 GET ::1 /uploads/2f5eaf0a82aefc61bd79a2edc3088fa6 - 404 179 http://localhost:4000/ Mozilla/5.0 (Windows NT 10.0; Win64; x64) AppleWebKit/537.36 (KHTML, like Gecko) Chrome/84.0.4147.135 Safari/537.36 135.500 ms

2020-08-29 22:46:58 info : HTTP/1.1 GET ::1 /uploads/67cf21407ef9f63d427bc27e9ea49bc0 - 404 179 http://localhost:4000/ Mozilla/5.0 (Windows NT 10.0; Win64; x64) AppleWebKit/537.36 (KHTML, like Gecko) Chrome/84.0.4147.135 Safari/537.36 124.231 ms

2020-08-29 22:46:58 info : HTTP/1.1 GET ::1 /uploads/92be44f41a24286a3d175a28205a69a7 - 404 179 http://localhost:4000/ Mozilla/5.0 (Windows NT 10.0; Win64; x64) AppleWebKit/537.36 (KHTML, like Gecko) Chrome/84.0.4147.135 Safari/537.36 92.358 ms

2020-08-29 22:46:58 info : HTTP/1.1 GET ::1 /uploads/df6ee73a71b71dac695fce87d969c49e - 404 179 http://localhost:4000/ Mozilla/5.0 (Windows NT 10.0; Win64; x64) AppleWebKit/537.36 (KHTML, like Gecko) Chrome/84.0.4147.135 Safari/537.36 99.547 ms

2020-08-29 22:46:58 info : HTTP/1.1 GET ::1 /uploads/f2075c493a2b926a77c4be35d283bcf1 - 404 179 http://localhost:4000/ Mozilla/5.0 (Windows NT 10.0; Win64; x64) AppleWebKit/537.36 (KHTML, like Gecko) Chrome/84.0.4147.135 Safari/537.36 107.767 ms

2020-08-29 22:46:58 info : HTTP/1.1 GET ::1 /uploads/f72750304ed9bdf8de4ba562b7dde0b5 - 404 179 http://localhost:4000/ Mozilla/5.0 (Windows NT 10.0; Win64; x64) AppleWebKit/537.36 (KHTML, like Gecko) Chrome/84.0.4147.135 Safari/537.36 114.992 ms

2020-08-29 22:46:58 info : HTTP/1.1 GET ::1 /uploads/f341180e1d9094c5d4f29d4354e400d2 - 404 179 http://localhost:4000/ Mozilla/5.0 (Windows NT 10.0; Win64; x64) AppleWebKit/537.36 (KHTML, like Gecko) Chrome/84.0.4147.135 Safari/537.36 100.442 ms

2020-08-29 22:46:58 info : HTTP/1.1 GET ::1 /uploads/1f9f05b9ffaf637178395d46b51427ac - 404 179 http://localhost:4000/ Mozilla/5.0 (Windows NT 10.0; Win64; x64) AppleWebKit/537.36 (KHTML, like Gecko) Chrome/84.0.4147.135 Safari/537.36 99.657 ms

2020-08-29 22:46:58 info : HTTP/1.1 GET ::1 /uploads/b9e8423b34d9bb2fcca260d53108c87e - 404 179 http://localhost:4000/ Mozilla/5.0 (Windows NT 10.0; Win64; x64) AppleWebKit/537.36 (KHTML, like Gecko) Chrome/84.0.4147.135 Safari/537.36 107.193 ms

2020-08-29 22:46:58 info : HTTP/1.1 GET ::1 /uploads/5b930b842ebe1c2461987af0a1aa2230 - 404 179 http://localhost:4000/ Mozilla/5.0 (Windows NT 10.0; Win64; x64) AppleWebKit/537.36 (KHTML, like Gecko) Chrome/84.0.4147.135 Safari/537.36 117.620 ms

2020-08-29 22:46:58 info : HTTP/1.1 GET ::1 /uploads/d6cfaa64e21df7feb41ff0e0f205b6a5 - 404 179 http://localhost:4000/ Mozilla/5.0 (Windows NT 10.0; Win64; x64) AppleWebKit/537.36 (KHTML, like Gecko) Chrome/84.0.4147.135 Safari/537.36 115.809 ms

2020-08-29 22:46:58 info : HTTP/1.1 GET ::1 /uploads/c6cd622c6b37820cb8bb126aba4a6a73 - 404 179 http://localhost:4000/ Mozilla/5.0 (Windows NT 10.0; Win64; x64) AppleWebKit/537.36 (KHTML, like Gecko) Chrome/84.0.4147.135 Safari/537.36 98.775 ms

2020-08-29 22:46:58 info : HTTP/1.1 GET ::1 /uploads/83cfe45d50be99c8aba79a639cb6e842 - 404 179 http://localhost:4000/ Mozilla/5.0 (Windows NT 10.0; Win64; x64) AppleWebKit/537.36 (KHTML, like Gecko) Chrome/84.0.4147.135 Safari/537.36 92.875 ms

2020-08-29 22:46:58 info : HTTP/1.1 GET ::1 /uploads/f3c74795c2f963ded0b1e3facbb532ee - 404 179 http://localhost:4000/ Mozilla/5.0 (Windows NT 10.0; Win64; x64) AppleWebKit/537.36 (KHTML, like Gecko) Chrome/84.0.4147.135 Safari/537.36 100.377 ms

2020-08-29 22:46:58 info : HTTP/1.1 GET ::1 /uploads/74c7ef89f028d9fe5cf8c8677b6159ad - 404 179 http://localhost:4000/ Mozilla/5.0 (Windows NT 10.0; Win64; x64) AppleWebKit/537.36 (KHTML, like Gecko) Chrome/84.0.4147.135 Safari/537.36 92.856 ms

2020-08-29 22:46:58 info : HTTP/1.1 GET ::1 /uploads/9d604a0f5b606d189f1f1f9a41de5daf - 404 179 http://localhost:4000/ Mozilla/5.0 (Windows NT 10.0; Win64; x64) AppleWebKit/537.36 (KHTML, like Gecko) Chrome/84.0.4147.135 Safari/537.36 101.230 ms

2020-08-29 22:46:58 info : HTTP/1.1 GET ::1 /uploads/652efd86755b8e379a79f4c2476beaf7 - 404 179 http://localhost:4000/ Mozilla/5.0 (Windows NT 10.0; Win64; x64) AppleWebKit/537.36 (KHTML, like Gecko) Chrome/84.0.4147.135 Safari/537.36 92.879 ms

2020-08-29 22:46:58 info : HTTP/1.1 GET ::1 /uploads/687a962706d91d2aee86c97f429cf439 - 404 179 http://localhost:4000/ Mozilla/5.0 (Windows NT 10.0; Win64; x64) AppleWebKit/537.36 (KHTML, like Gecko) Chrome/84.0.4147.135 Safari/537.36 117.631 ms

2020-08-29 22:46:58 info : HTTP/1.1 GET ::1 /uploads/c1e4c421a070e1f8af74252f505079f8 - 404 179 http://localhost:4000/ Mozilla/5.0 (Windows NT 10.0; Win64; x64) AppleWebKit/537.36 (KHTML, like Gecko) Chrome/84.0.4147.135 Safari/537.36 98.100 ms

2020-08-29 22:46:58 info : HTTP/1.1 GET ::1 /uploads/e949affdc323627bddad225cb97bdff1 - 404 179 http://localhost:4000/ Mozilla/5.0 (Windows NT 10.0; Win64; x64) AppleWebKit/537.36 (KHTML, like Gecko) Chrome/84.0.4147.135 Safari/537.36 124.779 ms

2020-08-29 22:46:58 info : HTTP/1.1 GET ::1 /uploads/9862e0f42c3e3aee3184297ec64abf16 - 404 179 http://localhost:4000/ Mozilla/5.0 (Windows NT 10.0; Win64; x64) AppleWebKit/537.36 (KHTML, like Gecko) Chrome/84.0.4147.135 Safari/537.36 118.859 ms

2020-08-29 22:46:58 info : HTTP/1.1 GET ::1 /uploads/cee844338419627b72c45628b5698081 - 404 179 http://localhost:4000/ Mozilla/5.0 (Windows NT 10.0; Win64; x64) AppleWebKit/537.36 (KHTML, like Gecko) Chrome/84.0.4147.135 Safari/537.36 111.285 ms

2020-08-29 22:46:58 info : HTTP/1.1 GET ::1 /uploads/b35387b1046a13459512d091910397a8 - 404 179 http://localhost:4000/ Mozilla/5.0 (Windows NT 10.0; Win64; x64) AppleWebKit/537.36 (KHTML, like Gecko) Chrome/84.0.4147.135 Safari/537.36 90.926 ms

2020-08-29 22:46:58 info : HTTP/1.1 GET ::1 /uploads/ab433207a98adbf5d583106c99f9383e - 404 179 http://localhost:4000/ Mozilla/5.0 (Windows NT 10.0; Win64; x64) AppleWebKit/537.36 (KHTML, like Gecko) Chrome/84.0.4147.135 Safari/537.36 103.983 ms

2020-08-29 22:46:58 info : HTTP/1.1 GET ::1 /uploads/5cfb52aff80c06f2ce4ee6f4e772886d - 404 179 http://localhost:4000/ Mozilla/5.0 (Windows NT 10.0; Win64; x64) AppleWebKit/537.36 (KHTML, like Gecko) Chrome/84.0.4147.135 Safari/537.36 115.695 ms

2020-08-29 22:46:58 info : HTTP/1.1 GET ::1 /uploads/e8bfda0993330c38fcce41c2e6656755 - 404 179 http://localhost:4000/ Mozilla/5.0 (Windows NT 10.0; Win64; x64) AppleWebKit/537.36 (KHTML, like Gecko) Chrome/84.0.4147.135 Safari/537.36 105.696 ms

2020-08-29 22:46:59 info : HTTP/1.1 GET ::1 /uploads/644f7f86aeac9230890b1654c83bbe0c - 404 179 http://localhost:4000/ Mozilla/5.0 (Windows NT 10.0; Win64; x64) AppleWebKit/537.36 (KHTML, like Gecko) Chrome/84.0.4147.135 Safari/537.36 93.858 ms

2020-08-29 22:46:59 info : HTTP/1.1 GET ::1 /uploads/1776efd0d4bd98b52217b1da7e655346 - 404 179 http://localhost:4000/ Mozilla/5.0 (Windows NT 10.0; Win64; x64) AppleWebKit/537.36 (KHTML, like Gecko) Chrome/84.0.4147.135 Safari/537.36 101.228 ms

2020-08-29 22:46:59 info : HTTP/1.1 GET ::1 /uploads/804636f261fe1013e2c84a860f9eec16 - 404 179 http://localhost:4000/ Mozilla/5.0 (Windows NT 10.0; Win64; x64) AppleWebKit/537.36 (KHTML, like Gecko) Chrome/84.0.4147.135 Safari/537.36 106.706 ms

2020-08-29 22:46:59 info : HTTP/1.1 GET ::1 /uploads/b4d7f1819379b61e5d3d22b5ad25ba7d - 404 179 http://localhost:4000/ Mozilla/5.0 (Windows NT 10.0; Win64; x64) AppleWebKit/537.36 (KHTML, like Gecko) Chrome/84.0.4147.135 Safari/537.36 114.339 ms

2020-08-29 22:46:59 info : HTTP/1.1 GET ::1 /uploads/38dc6039c96a9164c980a8bd6bd85240 - 404 179 http://localhost:4000/ Mozilla/5.0 (Windows NT 10.0; Win64; x64) AppleWebKit/537.36 (KHTML, like Gecko) Chrome/84.0.4147.135 Safari/537.36 127.274 ms

2020-08-29 22:49:57 info : HTTP/1.1 GET ::1 / - 200 5619 http://localhost:4000/board/read/5f4a45c9c74aa72304e476fc Mozilla/5.0 (Windows NT 10.0; Win64; x64) AppleWebKit/537.36 (KHTML, like Gecko) Chrome/84.0.4147.135 Safari/537.36 368.109 ms

2020-08-29 22:49:59 info : HTTP/1.1 GET ::1 /api/totalBoard - 200 12771 http://localhost:4000/ Mozilla/5.0 (Windows NT 10.0; Win64; x64) AppleWebKit/537.36 (KHTML, like Gecko) Chrome/84.0.4147.135 Safari/537.36 384.908 ms

2020-08-29 22:50:00 info : HTTP/1.1 GET ::1 /uploads/0996c9f427c9b23d11804d35bbafa953 - 404 179 http://localhost:4000/ Mozilla/5.0 (Windows NT 10.0; Win64; x64) AppleWebKit/537.36 (KHTML, like Gecko) Chrome/84.0.4147.135 Safari/537.36 879.841 ms

2020-08-29 22:50:00 info : HTTP/1.1 GET ::1 /uploads/eb60689d2d030b9bd06c88160a59d16c - 404 179 http://localhost:4000/ Mozilla/5.0 (Windows NT 10.0; Win64; x64) AppleWebKit/537.36 (KHTML, like Gecko) Chrome/84.0.4147.135 Safari/537.36 878.629 ms

2020-08-29 22:50:00 info : HTTP/1.1 GET ::1 /uploads/ff248865b7c363c57e1b459fe1346d2e - 404 179 http://localhost:4000/ Mozilla/5.0 (Windows NT 10.0; Win64; x64) AppleWebKit/537.36 (KHTML, like Gecko) Chrome/84.0.4147.135 Safari/537.36 879.415 ms

2020-08-29 22:50:00 info : HTTP/1.1 GET ::1 /uploads/abb219df4530ba4b1b9a3809bca27309 - 404 179 http://localhost:4000/ Mozilla/5.0 (Windows NT 10.0; Win64; x64) AppleWebKit/537.36 (KHTML, like Gecko) Chrome/84.0.4147.135 Safari/537.36 872.133 ms

2020-08-29 22:50:00 info : HTTP/1.1 GET ::1 /uploads/73fa404cfeb0a858b6ac49e6d3caba29 - 404 179 http://localhost:4000/ Mozilla/5.0 (Windows NT 10.0; Win64; x64) AppleWebKit/537.36 (KHTML, like Gecko) Chrome/84.0.4147.135 Safari/537.36 881.005 ms

2020-08-29 22:50:00 info : HTTP/1.1 GET ::1 /uploads/5142ac157bbe048896b85fcc12cfd74b - 404 179 http://localhost:4000/ Mozilla/5.0 (Windows NT 10.0; Win64; x64) AppleWebKit/537.36 (KHTML, like Gecko) Chrome/84.0.4147.135 Safari/537.36 868.298 ms

2020-08-29 22:50:01 info : HTTP/1.1 GET ::1 /uploads/d715f88e2992e9ddfb8b1ef9f6aeae00 - 404 179 http://localhost:4000/ Mozilla/5.0 (Windows NT 10.0; Win64; x64) AppleWebKit/537.36 (KHTML, like Gecko) Chrome/84.0.4147.135 Safari/537.36 621.535 ms

2020-08-29 22:50:01 info : HTTP/1.1 GET ::1 /uploads/0efa5ae7cfb5bcdbc5d01d7636f5078f - 404 179 http://localhost:4000/ Mozilla/5.0 (Windows NT 10.0; Win64; x64) AppleWebKit/537.36 (KHTML, like Gecko) Chrome/84.0.4147.135 Safari/537.36 620.281 ms

2020-08-29 22:50:01 info : HTTP/1.1 GET ::1 /uploads/d2ec687b2bdd8f7e67b886cc3664d9fd - 404 179 http://localhost:4000/ Mozilla/5.0 (Windows NT 10.0; Win64; x64) AppleWebKit/537.36 (KHTML, like Gecko) Chrome/84.0.4147.135 Safari/537.36 627.504 ms

2020-08-29 22:50:01 info : HTTP/1.1 GET ::1 /uploads/df5565f1b3c84a7ff009424726fa2099 - 404 179 http://localhost:4000/ Mozilla/5.0 (Windows NT 10.0; Win64; x64) AppleWebKit/537.36 (KHTML, like Gecko) Chrome/84.0.4147.135 Safari/537.36 631.211 ms

2020-08-29 22:50:02 info : HTTP/1.1 GET ::1 /uploads/5a641f111360086ea0e7ac87d028a38e - 404 179 http://localhost:4000/ Mozilla/5.0 (Windows NT 10.0; Win64; x64) AppleWebKit/537.36 (KHTML, like Gecko) Chrome/84.0.4147.135 Safari/537.36 1911.079 ms

2020-08-29 22:50:02 info : HTTP/1.1 GET ::1 /uploads/2e0642470dccf350e12e46cd16ed2b73 - 404 179 http://localhost:4000/ Mozilla/5.0 (Windows NT 10.0; Win64; x64) AppleWebKit/537.36 (KHTML, like Gecko) Chrome/84.0.4147.135 Safari/537.36 1914.510 ms

2020-08-29 22:50:02 info : HTTP/1.1 GET ::1 /uploads/d12159b9c49aabe634b6adad2144c176 - 404 179 http://localhost:4000/ Mozilla/5.0 (Windows NT 10.0; Win64; x64) AppleWebKit/537.36 (KHTML, like Gecko) Chrome/84.0.4147.135 Safari/537.36 1343.016 ms

2020-08-29 22:50:02 info : HTTP/1.1 GET ::1 /uploads/d50726ac862738130441fd2f37d42cc4 - 404 179 http://localhost:4000/ Mozilla/5.0 (Windows NT 10.0; Win64; x64) AppleWebKit/537.36 (KHTML, like Gecko) Chrome/84.0.4147.135 Safari/537.36 1343.158 ms

2020-08-29 22:50:02 info : HTTP/1.1 GET ::1 /uploads/0c1c34cbffd0125074770bab53eda964 - 404 179 http://localhost:4000/ Mozilla/5.0 (Windows NT 10.0; Win64; x64) AppleWebKit/537.36 (KHTML, like Gecko) Chrome/84.0.4147.135 Safari/537.36 1353.055 ms

2020-08-29 22:50:02 info : HTTP/1.1 GET ::1 /uploads/25a79733991c99beee605259b60e790e - 404 179 http://localhost:4000/ Mozilla/5.0 (Windows NT 10.0; Win64; x64) AppleWebKit/537.36 (KHTML, like Gecko) Chrome/84.0.4147.135 Safari/537.36 1366.625 ms

2020-08-29 22:50:02 info : HTTP/1.1 GET ::1 /uploads/65a5d6ab4e02f4348c89b5f28fa60340 - 404 179 http://localhost:4000/ Mozilla/5.0 (Windows NT 10.0; Win64; x64) AppleWebKit/537.36 (KHTML, like Gecko) Chrome/84.0.4147.135 Safari/537.36 349.599 ms

2020-08-29 22:50:02 info : HTTP/1.1 GET ::1 /uploads/2f5eaf0a82aefc61bd79a2edc3088fa6 - 404 179 http://localhost:4000/ Mozilla/5.0 (Windows NT 10.0; Win64; x64) AppleWebKit/537.36 (KHTML, like Gecko) Chrome/84.0.4147.135 Safari/537.36 352.771 ms

2020-08-29 22:50:02 info : HTTP/1.1 GET ::1 /uploads/92be44f41a24286a3d175a28205a69a7 - 404 179 http://localhost:4000/ Mozilla/5.0 (Windows NT 10.0; Win64; x64) AppleWebKit/537.36 (KHTML, like Gecko) Chrome/84.0.4147.135 Safari/537.36 235.275 ms

2020-08-29 22:50:03 info : HTTP/1.1 GET ::1 /uploads/b9e8423b34d9bb2fcca260d53108c87e - 404 179 http://localhost:4000/ Mozilla/5.0 (Windows NT 10.0; Win64; x64) AppleWebKit/537.36 (KHTML, like Gecko) Chrome/84.0.4147.135 Safari/537.36 681.139 ms

2020-08-29 22:50:03 info : HTTP/1.1 GET ::1 /uploads/f72750304ed9bdf8de4ba562b7dde0b5 - 404 179 http://localhost:4000/ Mozilla/5.0 (Windows NT 10.0; Win64; x64) AppleWebKit/537.36 (KHTML, like Gecko) Chrome/84.0.4147.135 Safari/537.36 615.388 ms

2020-08-29 22:50:03 info : HTTP/1.1 GET ::1 /uploads/1f9f05b9ffaf637178395d46b51427ac - 404 179 http://localhost:4000/ Mozilla/5.0 (Windows NT 10.0; Win64; x64) AppleWebKit/537.36 (KHTML, like Gecko) Chrome/84.0.4147.135 Safari/537.36 664.860 ms

2020-08-29 22:50:03 info : HTTP/1.1 GET ::1 /uploads/67cf21407ef9f63d427bc27e9ea49bc0 - 404 179 http://localhost:4000/ Mozilla/5.0 (Windows NT 10.0; Win64; x64) AppleWebKit/537.36 (KHTML, like Gecko) Chrome/84.0.4147.135 Safari/537.36 641.376 ms

2020-08-29 22:50:03 info : HTTP/1.1 GET ::1 /uploads/f2075c493a2b926a77c4be35d283bcf1 - 404 179 http://localhost:4000/ Mozilla/5.0 (Windows NT 10.0; Win64; x64) AppleWebKit/537.36 (KHTML, like Gecko) Chrome/84.0.4147.135 Safari/537.36 706.488 ms

2020-08-29 22:50:03 info : HTTP/1.1 GET ::1 /uploads/5b930b842ebe1c2461987af0a1aa2230 - 404 179 http://localhost:4000/ Mozilla/5.0 (Windows NT 10.0; Win64; x64) AppleWebKit/537.36 (KHTML, like Gecko) Chrome/84.0.4147.135 Safari/537.36 956.401 ms

2020-08-29 22:50:04 info : HTTP/1.1 GET ::1 /uploads/d6cfaa64e21df7feb41ff0e0f205b6a5 - 404 179 http://localhost:4000/ Mozilla/5.0 (Windows NT 10.0; Win64; x64) AppleWebKit/537.36 (KHTML, like Gecko) Chrome/84.0.4147.135 Safari/537.36 669.066 ms

2020-08-29 22:50:04 info : HTTP/1.1 GET ::1 /uploads/df6ee73a71b71dac695fce87d969c49e - 404 179 http://localhost:4000/ Mozilla/5.0 (Windows NT 10.0; Win64; x64) AppleWebKit/537.36 (KHTML, like Gecko) Chrome/84.0.4147.135 Safari/537.36 723.382 ms

2020-08-29 22:50:04 info : HTTP/1.1 GET ::1 /uploads/c6cd622c6b37820cb8bb126aba4a6a73 - 404 179 http://localhost:4000/ Mozilla/5.0 (Windows NT 10.0; Win64; x64) AppleWebKit/537.36 (KHTML, like Gecko) Chrome/84.0.4147.135 Safari/537.36 671.768 ms

2020-08-29 22:50:04 info : HTTP/1.1 GET ::1 /uploads/f341180e1d9094c5d4f29d4354e400d2 - 404 179 http://localhost:4000/ Mozilla/5.0 (Windows NT 10.0; Win64; x64) AppleWebKit/537.36 (KHTML, like Gecko) Chrome/84.0.4147.135 Safari/537.36 693.848 ms

2020-08-29 22:50:04 info : HTTP/1.1 GET ::1 /uploads/f3c74795c2f963ded0b1e3facbb532ee - 404 179 http://localhost:4000/ Mozilla/5.0 (Windows NT 10.0; Win64; x64) AppleWebKit/537.36 (KHTML, like Gecko) Chrome/84.0.4147.135 Safari/537.36 859.488 ms

2020-08-29 22:50:04 info : HTTP/1.1 GET ::1 /uploads/83cfe45d50be99c8aba79a639cb6e842 - 404 179 http://localhost:4000/ Mozilla/5.0 (Windows NT 10.0; Win64; x64) AppleWebKit/537.36 (KHTML, like Gecko) Chrome/84.0.4147.135 Safari/537.36 558.955 ms

2020-08-29 22:50:04 info : HTTP/1.1 GET ::1 /uploads/9d604a0f5b606d189f1f1f9a41de5daf - 404 179 http://localhost:4000/ Mozilla/5.0 (Windows NT 10.0; Win64; x64) AppleWebKit/537.36 (KHTML, like Gecko) Chrome/84.0.4147.135 Safari/537.36 364.026 ms

2020-08-29 22:50:04 info : HTTP/1.1 GET ::1 /uploads/74c7ef89f028d9fe5cf8c8677b6159ad - 404 179 http://localhost:4000/ Mozilla/5.0 (Windows NT 10.0; Win64; x64) AppleWebKit/537.36 (KHTML, like Gecko) Chrome/84.0.4147.135 Safari/537.36 356.362 ms

2020-08-29 22:50:04 info : HTTP/1.1 GET ::1 /uploads/687a962706d91d2aee86c97f429cf439 - 404 179 http://localhost:4000/ Mozilla/5.0 (Windows NT 10.0; Win64; x64) AppleWebKit/537.36 (KHTML, like Gecko) Chrome/84.0.4147.135 Safari/537.36 321.033 ms

2020-08-29 22:50:04 info : HTTP/1.1 GET ::1 /uploads/c1e4c421a070e1f8af74252f505079f8 - 404 179 http://localhost:4000/ Mozilla/5.0 (Windows NT 10.0; Win64; x64) AppleWebKit/537.36 (KHTML, like Gecko) Chrome/84.0.4147.135 Safari/537.36 235.510 ms

2020-08-29 22:50:04 info : HTTP/1.1 GET ::1 /uploads/652efd86755b8e379a79f4c2476beaf7 - 404 179 http://localhost:4000/ Mozilla/5.0 (Windows NT 10.0; Win64; x64) AppleWebKit/537.36 (KHTML, like Gecko) Chrome/84.0.4147.135 Safari/537.36 452.139 ms

2020-08-29 22:50:04 info : HTTP/1.1 GET ::1 /uploads/9862e0f42c3e3aee3184297ec64abf16 - 404 179 http://localhost:4000/ Mozilla/5.0 (Windows NT 10.0; Win64; x64) AppleWebKit/537.36 (KHTML, like Gecko) Chrome/84.0.4147.135 Safari/537.36 218.615 ms

2020-08-29 22:50:04 info : HTTP/1.1 GET ::1 /uploads/cee844338419627b72c45628b5698081 - 404 179 http://localhost:4000/ Mozilla/5.0 (Windows NT 10.0; Win64; x64) AppleWebKit/537.36 (KHTML, like Gecko) Chrome/84.0.4147.135 Safari/537.36 233.629 ms

2020-08-29 22:50:04 info : HTTP/1.1 GET ::1 /uploads/e949affdc323627bddad225cb97bdff1 - 404 179 http://localhost:4000/ Mozilla/5.0 (Windows NT 10.0; Win64; x64) AppleWebKit/537.36 (KHTML, like Gecko) Chrome/84.0.4147.135 Safari/537.36 301.666 ms

2020-08-29 22:50:04 info : HTTP/1.1 GET ::1 /uploads/b35387b1046a13459512d091910397a8 - 404 179 http://localhost:4000/ Mozilla/5.0 (Windows NT 10.0; Win64; x64) AppleWebKit/537.36 (KHTML, like Gecko) Chrome/84.0.4147.135 Safari/537.36 276.589 ms

2020-08-29 22:50:04 info : HTTP/1.1 GET ::1 /uploads/5cfb52aff80c06f2ce4ee6f4e772886d - 404 179 http://localhost:4000/ Mozilla/5.0 (Windows NT 10.0; Win64; x64) AppleWebKit/537.36 (KHTML, like Gecko) Chrome/84.0.4147.135 Safari/537.36 185.007 ms

2020-08-29 22:50:04 info : HTTP/1.1 GET ::1 /uploads/ab433207a98adbf5d583106c99f9383e - 404 179 http://localhost:4000/ Mozilla/5.0 (Windows NT 10.0; Win64; x64) AppleWebKit/537.36 (KHTML, like Gecko) Chrome/84.0.4147.135 Safari/537.36 263.144 ms

2020-08-29 22:50:04 info : HTTP/1.1 GET ::1 /uploads/e8bfda0993330c38fcce41c2e6656755 - 404 179 http://localhost:4000/ Mozilla/5.0 (Windows NT 10.0; Win64; x64) AppleWebKit/537.36 (KHTML, like Gecko) Chrome/84.0.4147.135 Safari/537.36 186.707 ms

2020-08-29 22:50:04 info : HTTP/1.1 GET ::1 /uploads/644f7f86aeac9230890b1654c83bbe0c - 404 179 http://localhost:4000/ Mozilla/5.0 (Windows NT 10.0; Win64; x64) AppleWebKit/537.36 (KHTML, like Gecko) Chrome/84.0.4147.135 Safari/537.36 169.964 ms

2020-08-29 22:50:05 info : HTTP/1.1 GET ::1 /uploads/804636f261fe1013e2c84a860f9eec16 - 404 179 http://localhost:4000/ Mozilla/5.0 (Windows NT 10.0; Win64; x64) AppleWebKit/537.36 (KHTML, like Gecko) Chrome/84.0.4147.135 Safari/537.36 199.367 ms

2020-08-29 22:50:05 info : HTTP/1.1 GET ::1 /uploads/38dc6039c96a9164c980a8bd6bd85240 - 404 179 http://localhost:4000/ Mozilla/5.0 (Windows NT 10.0; Win64; x64) AppleWebKit/537.36 (KHTML, like Gecko) Chrome/84.0.4147.135 Safari/537.36 172.210 ms

2020-08-29 22:50:05 info : HTTP/1.1 GET ::1 /uploads/1776efd0d4bd98b52217b1da7e655346 - 404 179 http://localhost:4000/ Mozilla/5.0 (Windows NT 10.0; Win64; x64) AppleWebKit/537.36 (KHTML, like Gecko) Chrome/84.0.4147.135 Safari/537.36 265.399 ms

2020-08-29 22:50:05 info : HTTP/1.1 GET ::1 /uploads/b4d7f1819379b61e5d3d22b5ad25ba7d - 404 179 http://localhost:4000/ Mozilla/5.0 (Windows NT 10.0; Win64; x64) AppleWebKit/537.36 (KHTML, like Gecko) Chrome/84.0.4147.135 Safari/537.36 217.012 ms

